<?xml version="1.0" encoding="UTF-8"?>
<testng-results skipped="0" failed="0" ignored="0" total="1" passed="1">
  <reporter-output>
  </reporter-output>
  <suite name="Default suite" duration-ms="91298" started-at="2019-08-05T09:11:36Z" finished-at="2019-08-05T09:13:08Z">
    <groups>
    </groups>
    <test name="Default test" duration-ms="91298" started-at="2019-08-05T09:11:36Z" finished-at="2019-08-05T09:13:08Z">
      <class name="com.pCloudy.testNG.Runner">
        <test-method status="PASS" signature="setUpSuite()[pri:0, instance:com.pCloudy.testNG.Runner@a67c67e]" name="setUpSuite" is-config="true" duration-ms="12" started-at="2019-08-05T14:41:36Z" finished-at="2019-08-05T14:41:36Z">
          <reporter-output>
          </reporter-output>
        </test-method> <!-- setUpSuite -->
        <test-method status="PASS" signature="prepareTest()[pri:0, instance:com.pCloudy.testNG.Runner@a67c67e]" name="prepareTest" is-config="true" duration-ms="25859" started-at="2019-08-05T14:41:36Z" finished-at="2019-08-05T14:42:02Z">
          <reporter-output>
          </reporter-output>
        </test-method> <!-- prepareTest -->
        <test-method status="PASS" signature="Test()[pri:0, instance:com.pCloudy.testNG.Runner@a67c67e]" name="Test" duration-ms="64480" started-at="2019-08-05T14:42:02Z" finished-at="2019-08-05T14:43:07Z">
          <reporter-output>
          </reporter-output>
        </test-method> <!-- Test -->
        <test-method status="PASS" signature="endTest()[pri:0, instance:com.pCloudy.testNG.Runner@a67c67e]" name="endTest" is-config="true" duration-ms="918" started-at="2019-08-05T14:43:07Z" finished-at="2019-08-05T14:43:08Z">
          <reporter-output>
          </reporter-output>
        </test-method> <!-- endTest -->
      </class> <!-- com.pCloudy.testNG.Runner -->
    </test> <!-- Default test -->
  </suite> <!-- Default suite -->
</testng-results>
